{"/home/felipe/Área de Trabalho/d2/src/caixa-da-lanchonete.js": {"path":"/home/felipe/Área de Trabalho/d2/src/caixa-da-lanchonete.js","all":false,"statementMap":{"0":{"start":{"line":1,"column":0},"end":{"line":1,"column":25}},"1":{"start":{"line":2,"column":0},"end":{"line":2,"column":19}},"2":{"start":{"line":3,"column":0},"end":{"line":3,"column":59}},"3":{"start":{"line":4,"column":0},"end":{"line":4,"column":25}},"4":{"start":{"line":5,"column":0},"end":{"line":5,"column":53}},"5":{"start":{"line":6,"column":0},"end":{"line":6,"column":77}},"6":{"start":{"line":7,"column":0},"end":{"line":7,"column":61}},"7":{"start":{"line":8,"column":0},"end":{"line":8,"column":63}},"8":{"start":{"line":9,"column":0},"end":{"line":9,"column":78}},"9":{"start":{"line":10,"column":0},"end":{"line":10,"column":59}},"10":{"start":{"line":11,"column":0},"end":{"line":11,"column":71}},"11":{"start":{"line":12,"column":0},"end":{"line":12,"column":71}},"12":{"start":{"line":13,"column":0},"end":{"line":13,"column":10}},"13":{"start":{"line":14,"column":0},"end":{"line":14,"column":5}},"14":{"start":{"line":15,"column":0},"end":{"line":15,"column":0}},"15":{"start":{"line":16,"column":0},"end":{"line":16,"column":52}},"16":{"start":{"line":17,"column":0},"end":{"line":17,"column":43}},"17":{"start":{"line":18,"column":0},"end":{"line":18,"column":76}},"18":{"start":{"line":19,"column":0},"end":{"line":19,"column":50}},"19":{"start":{"line":20,"column":0},"end":{"line":20,"column":9}},"20":{"start":{"line":21,"column":0},"end":{"line":21,"column":0}},"21":{"start":{"line":22,"column":0},"end":{"line":22,"column":56}},"22":{"start":{"line":23,"column":0},"end":{"line":23,"column":33}},"23":{"start":{"line":24,"column":0},"end":{"line":24,"column":57}},"24":{"start":{"line":25,"column":0},"end":{"line":25,"column":9}},"25":{"start":{"line":26,"column":0},"end":{"line":26,"column":0}},"26":{"start":{"line":27,"column":0},"end":{"line":27,"column":27}},"27":{"start":{"line":28,"column":0},"end":{"line":28,"column":35}},"28":{"start":{"line":29,"column":0},"end":{"line":29,"column":0}},"29":{"start":{"line":30,"column":0},"end":{"line":30,"column":45}},"30":{"start":{"line":31,"column":0},"end":{"line":31,"column":39}},"31":{"start":{"line":32,"column":0},"end":{"line":32,"column":65}},"32":{"start":{"line":33,"column":0},"end":{"line":33,"column":51}},"33":{"start":{"line":34,"column":0},"end":{"line":34,"column":0}},"34":{"start":{"line":35,"column":0},"end":{"line":35,"column":45}},"35":{"start":{"line":36,"column":0},"end":{"line":36,"column":24}},"36":{"start":{"line":37,"column":0},"end":{"line":37,"column":40}},"37":{"start":{"line":38,"column":0},"end":{"line":38,"column":13}},"38":{"start":{"line":39,"column":0},"end":{"line":39,"column":0}},"39":{"start":{"line":40,"column":0},"end":{"line":40,"column":51}},"40":{"start":{"line":41,"column":0},"end":{"line":41,"column":34}},"41":{"start":{"line":42,"column":0},"end":{"line":42,"column":46}},"42":{"start":{"line":43,"column":0},"end":{"line":43,"column":13}},"43":{"start":{"line":44,"column":0},"end":{"line":44,"column":0}},"44":{"start":{"line":45,"column":0},"end":{"line":45,"column":41}},"45":{"start":{"line":46,"column":0},"end":{"line":46,"column":60}},"46":{"start":{"line":47,"column":0},"end":{"line":47,"column":0}},"47":{"start":{"line":48,"column":0},"end":{"line":48,"column":49}},"48":{"start":{"line":49,"column":0},"end":{"line":49,"column":71}},"49":{"start":{"line":50,"column":0},"end":{"line":50,"column":104}},"50":{"start":{"line":51,"column":0},"end":{"line":51,"column":13}},"51":{"start":{"line":52,"column":0},"end":{"line":52,"column":9}},"52":{"start":{"line":53,"column":0},"end":{"line":53,"column":0}},"53":{"start":{"line":54,"column":0},"end":{"line":54,"column":90}},"54":{"start":{"line":55,"column":0},"end":{"line":55,"column":39}},"55":{"start":{"line":56,"column":0},"end":{"line":56,"column":53}},"56":{"start":{"line":57,"column":0},"end":{"line":57,"column":0}},"57":{"start":{"line":58,"column":0},"end":{"line":58,"column":71}},"58":{"start":{"line":59,"column":0},"end":{"line":59,"column":83}},"59":{"start":{"line":60,"column":0},"end":{"line":60,"column":0}},"60":{"start":{"line":61,"column":0},"end":{"line":61,"column":50}},"61":{"start":{"line":62,"column":0},"end":{"line":62,"column":76}},"62":{"start":{"line":63,"column":0},"end":{"line":63,"column":17}},"63":{"start":{"line":64,"column":0},"end":{"line":64,"column":13}},"64":{"start":{"line":65,"column":0},"end":{"line":65,"column":9}},"65":{"start":{"line":66,"column":0},"end":{"line":66,"column":0}},"66":{"start":{"line":67,"column":0},"end":{"line":67,"column":71}},"67":{"start":{"line":68,"column":0},"end":{"line":68,"column":46}},"68":{"start":{"line":69,"column":0},"end":{"line":69,"column":56}},"69":{"start":{"line":70,"column":0},"end":{"line":70,"column":52}},"70":{"start":{"line":71,"column":0},"end":{"line":71,"column":57}},"71":{"start":{"line":72,"column":0},"end":{"line":72,"column":9}},"72":{"start":{"line":73,"column":0},"end":{"line":73,"column":0}},"73":{"start":{"line":74,"column":0},"end":{"line":74,"column":58}},"74":{"start":{"line":75,"column":0},"end":{"line":75,"column":63}},"75":{"start":{"line":76,"column":0},"end":{"line":76,"column":5}},"76":{"start":{"line":77,"column":0},"end":{"line":77,"column":1}},"77":{"start":{"line":78,"column":0},"end":{"line":78,"column":0}},"78":{"start":{"line":79,"column":0},"end":{"line":79,"column":29}}},"s":{"0":1,"1":1,"2":19,"3":19,"4":19,"5":19,"6":19,"7":19,"8":19,"9":19,"10":19,"11":19,"12":19,"13":19,"14":1,"15":1,"16":19,"17":19,"18":1,"19":1,"20":18,"21":18,"22":19,"23":3,"24":3,"25":15,"26":15,"27":15,"28":15,"29":15,"30":19,"31":27,"32":27,"33":27,"34":27,"35":27,"36":2,"37":2,"38":25,"39":25,"40":27,"41":1,"42":1,"43":24,"44":24,"45":24,"46":24,"47":24,"48":27,"49":15,"50":15,"51":27,"52":12,"53":12,"54":19,"55":23,"56":23,"57":23,"58":9,"59":9,"60":9,"61":4,"62":4,"63":9,"64":23,"65":8,"66":8,"67":19,"68":2,"69":19,"70":3,"71":3,"72":8,"73":8,"74":8,"75":8,"76":1,"77":1,"78":1},"branchMap":{"0":{"type":"branch","line":2,"loc":{"start":{"line":2,"column":4},"end":{"line":14,"column":5}},"locations":[{"start":{"line":2,"column":4},"end":{"line":14,"column":5}}]},"1":{"type":"branch","line":16,"loc":{"start":{"line":16,"column":4},"end":{"line":76,"column":5}},"locations":[{"start":{"line":16,"column":4},"end":{"line":76,"column":5}}]},"2":{"type":"branch","line":18,"loc":{"start":{"line":18,"column":75},"end":{"line":20,"column":9}},"locations":[{"start":{"line":18,"column":75},"end":{"line":20,"column":9}}]},"3":{"type":"branch","line":20,"loc":{"start":{"line":20,"column":8},"end":{"line":23,"column":32}},"locations":[{"start":{"line":20,"column":8},"end":{"line":23,"column":32}}]},"4":{"type":"branch","line":23,"loc":{"start":{"line":23,"column":32},"end":{"line":25,"column":9}},"locations":[{"start":{"line":23,"column":32},"end":{"line":25,"column":9}}]},"5":{"type":"branch","line":25,"loc":{"start":{"line":25,"column":8},"end":{"line":31,"column":38}},"locations":[{"start":{"line":25,"column":8},"end":{"line":31,"column":38}}]},"6":{"type":"branch","line":31,"loc":{"start":{"line":31,"column":38},"end":{"line":52,"column":9}},"locations":[{"start":{"line":31,"column":38},"end":{"line":52,"column":9}}]},"7":{"type":"branch","line":36,"loc":{"start":{"line":36,"column":23},"end":{"line":38,"column":13}},"locations":[{"start":{"line":36,"column":23},"end":{"line":38,"column":13}}]},"8":{"type":"branch","line":38,"loc":{"start":{"line":38,"column":12},"end":{"line":41,"column":33}},"locations":[{"start":{"line":38,"column":12},"end":{"line":41,"column":33}}]},"9":{"type":"branch","line":41,"loc":{"start":{"line":41,"column":33},"end":{"line":43,"column":13}},"locations":[{"start":{"line":41,"column":33},"end":{"line":43,"column":13}}]},"10":{"type":"branch","line":43,"loc":{"start":{"line":43,"column":12},"end":{"line":49,"column":45}},"locations":[{"start":{"line":43,"column":12},"end":{"line":49,"column":45}}]},"11":{"type":"branch","line":49,"loc":{"start":{"line":49,"column":41},"end":{"line":49,"column":68}},"locations":[{"start":{"line":49,"column":41},"end":{"line":49,"column":68}}]},"12":{"type":"branch","line":49,"loc":{"start":{"line":49,"column":70},"end":{"line":51,"column":13}},"locations":[{"start":{"line":49,"column":70},"end":{"line":51,"column":13}}]},"13":{"type":"branch","line":52,"loc":{"start":{"line":52,"column":8},"end":{"line":55,"column":38}},"locations":[{"start":{"line":52,"column":8},"end":{"line":55,"column":38}}]},"14":{"type":"branch","line":55,"loc":{"start":{"line":55,"column":38},"end":{"line":65,"column":9}},"locations":[{"start":{"line":55,"column":38},"end":{"line":65,"column":9}}]},"15":{"type":"branch","line":58,"loc":{"start":{"line":58,"column":41},"end":{"line":58,"column":68}},"locations":[{"start":{"line":58,"column":41},"end":{"line":58,"column":68}}]},"16":{"type":"branch","line":58,"loc":{"start":{"line":58,"column":70},"end":{"line":64,"column":13}},"locations":[{"start":{"line":58,"column":70},"end":{"line":64,"column":13}}]},"17":{"type":"branch","line":59,"loc":{"start":{"line":59,"column":59},"end":{"line":59,"column":68}},"locations":[{"start":{"line":59,"column":59},"end":{"line":59,"column":68}}]},"18":{"type":"branch","line":59,"loc":{"start":{"line":59,"column":68},"end":{"line":59,"column":82}},"locations":[{"start":{"line":59,"column":68},"end":{"line":59,"column":82}}]},"19":{"type":"branch","line":61,"loc":{"start":{"line":61,"column":49},"end":{"line":63,"column":17}},"locations":[{"start":{"line":61,"column":49},"end":{"line":63,"column":17}}]},"20":{"type":"branch","line":65,"loc":{"start":{"line":65,"column":8},"end":{"line":68,"column":45}},"locations":[{"start":{"line":65,"column":8},"end":{"line":68,"column":45}}]},"21":{"type":"branch","line":68,"loc":{"start":{"line":68,"column":45},"end":{"line":70,"column":9}},"locations":[{"start":{"line":68,"column":45},"end":{"line":70,"column":9}}]},"22":{"type":"branch","line":70,"loc":{"start":{"line":70,"column":9},"end":{"line":72,"column":9}},"locations":[{"start":{"line":70,"column":9},"end":{"line":72,"column":9}}]},"23":{"type":"branch","line":70,"loc":{"start":{"line":70,"column":51},"end":{"line":72,"column":9}},"locations":[{"start":{"line":70,"column":51},"end":{"line":72,"column":9}}]},"24":{"type":"branch","line":72,"loc":{"start":{"line":72,"column":8},"end":{"line":76,"column":5}},"locations":[{"start":{"line":72,"column":8},"end":{"line":76,"column":5}}]}},"b":{"0":[19],"1":[19],"2":[1],"3":[18],"4":[3],"5":[15],"6":[27],"7":[2],"8":[25],"9":[1],"10":[24],"11":[22],"12":[15],"13":[12],"14":[23],"15":[21],"16":[9],"17":[2],"18":[7],"19":[4],"20":[8],"21":[2],"22":[6],"23":[3],"24":[8]},"fnMap":{"0":{"name":"CaixaDaLanchonete","decl":{"start":{"line":2,"column":4},"end":{"line":14,"column":5}},"loc":{"start":{"line":2,"column":4},"end":{"line":14,"column":5}},"line":2},"1":{"name":"calcularValorDaCompra","decl":{"start":{"line":16,"column":4},"end":{"line":76,"column":5}},"loc":{"start":{"line":16,"column":4},"end":{"line":76,"column":5}},"line":16}},"f":{"0":19,"1":19}}
}
