TN:
SF:src/caixa-da-lanchonete.js
FN:2,CaixaDaLanchonete
FN:16,calcularValorDaCompra
FNF:2
FNH:2
FNDA:19,CaixaDaLanchonete
FNDA:19,calcularValorDaCompra
DA:1,1
DA:2,1
DA:3,19
DA:4,19
DA:5,19
DA:6,19
DA:7,19
DA:8,19
DA:9,19
DA:10,19
DA:11,19
DA:12,19
DA:13,19
DA:14,19
DA:15,1
DA:16,1
DA:17,19
DA:18,19
DA:19,1
DA:20,1
DA:21,18
DA:22,18
DA:23,19
DA:24,3
DA:25,3
DA:26,15
DA:27,15
DA:28,15
DA:29,15
DA:30,15
DA:31,19
DA:32,27
DA:33,27
DA:34,27
DA:35,27
DA:36,27
DA:37,2
DA:38,2
DA:39,25
DA:40,25
DA:41,27
DA:42,1
DA:43,1
DA:44,24
DA:45,24
DA:46,24
DA:47,24
DA:48,24
DA:49,27
DA:50,15
DA:51,15
DA:52,27
DA:53,12
DA:54,12
DA:55,19
DA:56,23
DA:57,23
DA:58,23
DA:59,9
DA:60,9
DA:61,9
DA:62,4
DA:63,4
DA:64,9
DA:65,23
DA:66,8
DA:67,8
DA:68,19
DA:69,2
DA:70,19
DA:71,3
DA:72,3
DA:73,8
DA:74,8
DA:75,8
DA:76,8
DA:77,1
DA:78,1
DA:79,1
LF:79
LH:79
BRDA:2,0,0,19
BRDA:16,1,0,19
BRDA:18,2,0,1
BRDA:20,3,0,18
BRDA:23,4,0,3
BRDA:25,5,0,15
BRDA:31,6,0,27
BRDA:36,7,0,2
BRDA:38,8,0,25
BRDA:41,9,0,1
BRDA:43,10,0,24
BRDA:49,11,0,22
BRDA:49,12,0,15
BRDA:52,13,0,12
BRDA:55,14,0,23
BRDA:58,15,0,21
BRDA:58,16,0,9
BRDA:59,17,0,2
BRDA:59,18,0,7
BRDA:61,19,0,4
BRDA:65,20,0,8
BRDA:68,21,0,2
BRDA:70,22,0,6
BRDA:70,23,0,3
BRDA:72,24,0,8
BRF:25
BRH:25
end_of_record
